[2025-02-08 14:35:24,056] 1025 httpx - INFO - HTTP Request: GET https://dagshub.com/api/v1/user "HTTP/1.1 200 OK"
[2025-02-08 14:35:24,071] 107 dagshub - INFO - Accessing as rohanp04
[2025-02-08 14:35:26,355] 1025 httpx - INFO - HTTP Request: GET https://dagshub.com/api/v1/repos/rohanp04/Network_ETS "HTTP/1.1 200 OK"
[2025-02-08 14:35:27,227] 1025 httpx - INFO - HTTP Request: GET https://dagshub.com/api/v1/user "HTTP/1.1 200 OK"
[2025-02-08 14:35:27,231] 107 dagshub - INFO - Initialized MLflow to track repo "rohanp04/Network_ETS"
[2025-02-08 14:35:27,233] 107 dagshub - INFO - Repository rohanp04/Network_ETS initialized!
[2025-02-08 14:35:45,898] 64 root - INFO - Performed train test split on the dataframe
[2025-02-08 14:35:45,900] 66 root - INFO - Exited split_data_as_train_test method of Data_Ingestion class
[2025-02-08 14:35:45,900] 74 root - INFO - Making train, test directory and exporting the data
[2025-02-08 14:35:46,114] 80 root - INFO - Exported train and test file path
[2025-02-08 14:35:46,114] 41 root - INFO - Initiate the data Ingesttion
[2025-02-08 14:35:46,115] 42 root - INFO - Data Ingestion completed and Artifact: DataIngestionArtifact(trained_file_path='Artifacts\\02_08_2025_Feb_35_15\\data_ingestion\\ingested\\train.csv', test_file_path='Artifacts\\02_08_2025_Feb_35_15\\data_ingestion\\ingested\\test.csv')
[2025-02-08 14:35:46,253] 31 root - INFO - Required no of columns: 31
[2025-02-08 14:35:46,253] 32 root - INFO - Data frame has columns: 31
[2025-02-08 14:35:46,254] 31 root - INFO - Required no of columns: 31
[2025-02-08 14:35:46,255] 32 root - INFO - Data frame has columns: 31
[2025-02-08 14:35:46,717] 54 root - INFO - Initiate the data validation
[2025-02-08 14:35:46,718] 55 root - INFO - Data validation completed and Artifact: DataValidationArtifact(validation_status=None, valid_train_file_path='Artifacts\\02_08_2025_Feb_35_15\\data_ingestion\\ingested\\train.csv', valid_test_file_path='Artifacts\\02_08_2025_Feb_35_15\\data_ingestion\\ingested\\test.csv', invalid_train_file_path=None, invalid_test_file_path=None, drift_report_file_path='Artifacts\\02_08_2025_Feb_35_15\\data_validation\\drift_report\\report.yaml')
[2025-02-08 14:35:46,718] 59 root - INFO - Initiating data transformation from the method initiate_data_transformation
[2025-02-08 14:35:46,776] 49 root - INFO - Entered the KNNImputer method for data transformation
[2025-02-08 14:35:46,776] 52 root - INFO - Initialised KNNImoter with the params : {'missing_values': nan, 'n_neighbors': 3, 'weights': 'uniform'}
[2025-02-08 14:35:46,799] 40 root - INFO - Entered the save_object method of Main Utils directory
[2025-02-08 14:35:46,803] 44 root - INFO - Exited the save_object method action is completed
[2025-02-08 14:35:46,803] 40 root - INFO - Entered the save_object method of Main Utils directory
[2025-02-08 14:35:46,808] 44 root - INFO - Exited the save_object method action is completed
[2025-02-08 14:43:19,281] 40 root - INFO - Entered the save_object method of Main Utils directory
[2025-02-08 14:43:19,281] 44 root - INFO - Exited the save_object method action is completed
[2025-02-08 14:43:19,281] 40 root - INFO - Entered the save_object method of Main Utils directory
[2025-02-08 14:43:19,314] 44 root - INFO - Exited the save_object method action is completed
[2025-02-08 14:43:19,315] 118 root - INFO - model trainer artifact data is as follows: ModelTrainerArtifact(trained_model_file_path='Artifacts\\02_08_2025_Feb_35_15\\model_trainer\\trained_model\\model.pkl', train_metric_artifact=ClassificationMetricArtifact(f1_score=0.9915662650602409, precision_score=0.9897775105231509, recall_score=0.9933614966807484), test_metric_artifact=ClassificationMetricArtifact(f1_score=0.9706867671691792, precision_score=0.9642262895174709, recall_score=0.9772344013490725))
