[2025-02-08 14:52:30,947] 1025 httpx - INFO - HTTP Request: GET https://dagshub.com/api/v1/user "HTTP/1.1 200 OK"
[2025-02-08 14:52:30,957] 107 dagshub - INFO - Accessing as rohanp04
[2025-02-08 14:52:32,926] 1025 httpx - INFO - HTTP Request: GET https://dagshub.com/api/v1/repos/rohanp04/Network_ETS "HTTP/1.1 200 OK"
[2025-02-08 14:52:34,351] 1025 httpx - INFO - HTTP Request: GET https://dagshub.com/api/v1/user "HTTP/1.1 200 OK"
[2025-02-08 14:52:34,355] 107 dagshub - INFO - Initialized MLflow to track repo "rohanp04/Network_ETS"
[2025-02-08 14:52:34,357] 107 dagshub - INFO - Repository rohanp04/Network_ETS initialized!
[2025-02-08 14:53:27,969] 64 root - INFO - Performed train test split on the dataframe
[2025-02-08 14:53:27,970] 66 root - INFO - Exited split_data_as_train_test method of Data_Ingestion class
[2025-02-08 14:53:27,971] 74 root - INFO - Making train, test directory and exporting the data
[2025-02-08 14:53:28,052] 80 root - INFO - Exported train and test file path
[2025-02-08 14:53:28,053] 41 root - INFO - Initiate the data Ingesttion
[2025-02-08 14:53:28,053] 42 root - INFO - Data Ingestion completed and Artifact: DataIngestionArtifact(trained_file_path='Artifacts\\02_08_2025_Feb_52_24\\data_ingestion\\ingested\\train.csv', test_file_path='Artifacts\\02_08_2025_Feb_52_24\\data_ingestion\\ingested\\test.csv')
[2025-02-08 14:53:28,133] 31 root - INFO - Required no of columns: 31
[2025-02-08 14:53:28,133] 32 root - INFO - Data frame has columns: 31
[2025-02-08 14:53:28,134] 31 root - INFO - Required no of columns: 31
[2025-02-08 14:53:28,134] 32 root - INFO - Data frame has columns: 31
[2025-02-08 14:53:28,350] 54 root - INFO - Initiate the data validation
[2025-02-08 14:53:28,350] 55 root - INFO - Data validation completed and Artifact: DataValidationArtifact(validation_status=None, valid_train_file_path='Artifacts\\02_08_2025_Feb_52_24\\data_ingestion\\ingested\\train.csv', valid_test_file_path='Artifacts\\02_08_2025_Feb_52_24\\data_ingestion\\ingested\\test.csv', invalid_train_file_path=None, invalid_test_file_path=None, drift_report_file_path='Artifacts\\02_08_2025_Feb_52_24\\data_validation\\drift_report\\report.yaml')
[2025-02-08 14:53:28,350] 59 root - INFO - Initiating data transformation from the method initiate_data_transformation
[2025-02-08 14:53:28,384] 49 root - INFO - Entered the KNNImputer method for data transformation
[2025-02-08 14:53:28,385] 52 root - INFO - Initialised KNNImoter with the params : {'missing_values': nan, 'n_neighbors': 3, 'weights': 'uniform'}
[2025-02-08 14:53:28,574] 40 root - INFO - Entered the save_object method of Main Utils directory
[2025-02-08 14:53:28,580] 44 root - INFO - Exited the save_object method action is completed
[2025-02-08 14:53:28,580] 40 root - INFO - Entered the save_object method of Main Utils directory
[2025-02-08 14:53:28,584] 44 root - INFO - Exited the save_object method action is completed
[2025-02-08 14:59:13,529] 40 root - INFO - Entered the save_object method of Main Utils directory
[2025-02-08 14:59:13,531] 44 root - INFO - Exited the save_object method action is completed
[2025-02-08 14:59:13,531] 40 root - INFO - Entered the save_object method of Main Utils directory
[2025-02-08 14:59:13,584] 44 root - INFO - Exited the save_object method action is completed
[2025-02-08 14:59:13,584] 118 root - INFO - model trainer artifact data is as follows: ModelTrainerArtifact(trained_model_file_path='Artifacts\\02_08_2025_Feb_52_24\\model_trainer\\trained_model\\model.pkl', train_metric_artifact=ClassificationMetricArtifact(f1_score=0.991105720638771, precision_score=0.9905050505050506, recall_score=0.9917071197411004), test_metric_artifact=ClassificationMetricArtifact(f1_score=0.9737489745693191, precision_score=0.9689795918367347, recall_score=0.9785655399835119))
